   1               		.file	"sample_nat.c"
   2               		.arch atmega103
   3               	__SREG__ = 0x3f
   4               	__SP_H__ = 0x3e
   5               	__SP_L__ = 0x3d
   6               	__tmp_reg__ = 0
   7               	__zero_reg__ = 1
   8               		.global __do_copy_data
   9               		.global __do_clear_bss
  11               		.text
  12               	.Ltext0:
 202               	.global	usr_nat_fxn_table
 203               		.data
 206               	usr_nat_fxn_table:
 207 0000 0000      		.word	pm(nat_placeholder_func)
 208 0002 0000      		.word	pm(nat_sample_init)
 209               		.text
 212               	.global	nat_placeholder_func
 214               	nat_placeholder_func:
   1:sample_nat.c  **** #undef __FILE_ID__
   2:sample_nat.c  **** #define __FILE_ID__ 0x0A
   3:sample_nat.c  **** /**
   4:sample_nat.c  ****  * PyMite usr native function file
   5:sample_nat.c  ****  *
   6:sample_nat.c  ****  * automatically created by pmImgCreator.py
   7:sample_nat.c  ****  * on Mon Sep  8 17:24:29 2008
   8:sample_nat.c  ****  *
   9:sample_nat.c  ****  * DO NOT EDIT THIS FILE.
  10:sample_nat.c  ****  * ANY CHANGES WILL BE LOST.
  11:sample_nat.c  ****  *
  12:sample_nat.c  ****  * @file    sample_nat.c
  13:sample_nat.c  ****  */
  14:sample_nat.c  **** 
  15:sample_nat.c  **** #define __IN_LIBNATIVE_C__
  16:sample_nat.c  **** #include "pm.h"
  17:sample_nat.c  **** 
  18:sample_nat.c  **** /* From: sample.py */
  19:sample_nat.c  **** #include <avr/io.h>
  20:sample_nat.c  **** 
  21:sample_nat.c  **** PmReturn_t
  22:sample_nat.c  **** nat_placeholder_func(pPmFrame_t *ppframe)
  23:sample_nat.c  **** {
 216               	.LM1:
 217               	/* prologue: frame size=0 */
 218               	/* prologue end (size=0) */
  24:sample_nat.c  **** 
  25:sample_nat.c  ****     /*
  26:sample_nat.c  ****      * Use placeholder because an index 
  27:sample_nat.c  ****      * value of zero denotes the stdlib.
  28:sample_nat.c  ****      * This function should not be called.
  29:sample_nat.c  ****      */
  30:sample_nat.c  ****     PmReturn_t retval;
  31:sample_nat.c  ****     PM_RAISE(retval, PM_RET_EX_SYS);
  32:sample_nat.c  ****     return retval;
  33:sample_nat.c  **** 
  34:sample_nat.c  **** }
 220               	.LM2:
 221 0000 8CEE      		ldi r24,lo8(236)
 222 0002 90E0      		ldi r25,hi8(236)
 223               	/* epilogue: frame size=0 */
 224 0004 0895      		ret
 225               	/* epilogue end (size=1) */
 226               	/* function nat_placeholder_func size 3 (2) */
 228               	.Lscope0:
 231               	.global	nat_sample_init
 233               	nat_sample_init:
  35:sample_nat.c  **** 
  36:sample_nat.c  **** PmReturn_t
  37:sample_nat.c  **** nat_sample_init(pPmFrame_t *ppframe)
  38:sample_nat.c  **** {
 235               	.LM3:
 236               	/* prologue: frame size=0 */
 237               	/* prologue end (size=0) */
  39:sample_nat.c  **** 
  40:sample_nat.c  ****     /* Set port A pins as all outputs */
  41:sample_nat.c  ****     DDRA = 0xFF;
 239               	.LM4:
 240 0006 8FEF      		ldi r24,lo8(-1)
 241 0008 8ABB      		out 58-0x20,r24
  42:sample_nat.c  ****     NATIVE_SET_TOS(PM_NONE);
 243               	.LM5:
 244 000a 8091 0000 		lds r24,gVmGlobal
 245 000e 9091 0000 		lds r25,(gVmGlobal)+1
 246 0012 9093 0000 		sts (gVmGlobal+20)+1,r25
 247 0016 8093 0000 		sts gVmGlobal+20,r24
  43:sample_nat.c  **** 
  44:sample_nat.c  ****     return PM_RET_OK;
  45:sample_nat.c  ****     
  46:sample_nat.c  **** }
 249               	.LM6:
 250 001a 80E0      		ldi r24,lo8(0)
 251 001c 90E0      		ldi r25,hi8(0)
 252               	/* epilogue: frame size=0 */
 253 001e 0895      		ret
 254               	/* epilogue end (size=1) */
 255               	/* function nat_sample_init size 13 (12) */
 257               	.Lscope1:
 259               		.text
 261               	Letext:
 262               	/* File "sample_nat.c": code   16 = 0x0010 (  14), prologues   0, epilogues   2 */
DEFINED SYMBOLS
                            *ABS*:00000000 sample_nat.c
/var/folders/7t/7t28RGTeFHKNgq6rN5LNOk+++TI/-Tmp-//cc0WGQ20.s:3      *ABS*:0000003f __SREG__
/var/folders/7t/7t28RGTeFHKNgq6rN5LNOk+++TI/-Tmp-//cc0WGQ20.s:4      *ABS*:0000003e __SP_H__
/var/folders/7t/7t28RGTeFHKNgq6rN5LNOk+++TI/-Tmp-//cc0WGQ20.s:5      *ABS*:0000003d __SP_L__
/var/folders/7t/7t28RGTeFHKNgq6rN5LNOk+++TI/-Tmp-//cc0WGQ20.s:6      *ABS*:00000000 __tmp_reg__
/var/folders/7t/7t28RGTeFHKNgq6rN5LNOk+++TI/-Tmp-//cc0WGQ20.s:7      *ABS*:00000001 __zero_reg__
/var/folders/7t/7t28RGTeFHKNgq6rN5LNOk+++TI/-Tmp-//cc0WGQ20.s:206    .data:00000000 usr_nat_fxn_table
/var/folders/7t/7t28RGTeFHKNgq6rN5LNOk+++TI/-Tmp-//cc0WGQ20.s:214    .text:00000000 nat_placeholder_func
/var/folders/7t/7t28RGTeFHKNgq6rN5LNOk+++TI/-Tmp-//cc0WGQ20.s:233    .text:00000006 nat_sample_init
/var/folders/7t/7t28RGTeFHKNgq6rN5LNOk+++TI/-Tmp-//cc0WGQ20.s:261    .text:00000020 Letext

UNDEFINED SYMBOLS
__do_copy_data
__do_clear_bss
gVmGlobal
